1526887073726	geckodriver	INFO	geckodriver 0.20.1
1526887073742	geckodriver	INFO	Listening on 127.0.0.1:56693
1526887076657	mozrunner::runner	INFO	Running command: "C:\\Program Files\\Mozilla Firefox\\firefox.exe" "-marionette" "-profile" "C:\\Users\\JYP\\AppData\\Local\\Temp\\rust_mozprofile.izovK5N4eWYn"
Unable to read VR Path Registry from C:\Users\JYP\AppData\Local\openvr\openvrpaths.vrpath
Unable to read VR Path Registry from C:\Users\JYP\AppData\Local\openvr\openvrpaths.vrpath
Unable to read VR Path Registry from C:\Users\JYP\AppData\Local\openvr\openvrpaths.vrpath
Unable to read VR Path Registry from C:\Users\JYP\AppData\Local\openvr\openvrpaths.vrpath
1526887080279	Marionette	INFO	Listening on port 56708
1526887080412	Marionette	WARN	TLS certificate errors will be ignored for this session
Unable to read VR Path Registry from C:\Users\JYP\AppData\Local\openvr\openvrpaths.vrpath
[[Parent 18832, Gecko_IOThread] WARNING: pipe error: 109: file z:/build/build/src/ipc/chromium/src/chrome/common/ipc_channel_win.cc, line 346
[Child 9576, Chrome_ChildThread] WARNING: pipe error: 109: file z:/build/build/src/ipc/chromium/src/chrome/common/ipc_channel_win.cc, line 346
[Child 9576, Chro[Parent 18832, Gecko_IOThread] WARNING: pipe error: 109: file z:/build/build/src/ipc/chromium/src/chrome/common/ipc_channel_win.cc, line 346
[Child 6468, Chrome_ChildThread] WARNING: pipe error: 109: file z:/build/build/src/ipc/chromium/src/chrome/common/ipc_channel_win.cc, line 346
[Child 6468, Chro*** UTM:SVC TimerManager:registerTimer called after profile-before-change notification. Ignoring timer registration for id: telemetry_modules_ping
[GPU 28172, Chrome_C
###!!! [Child][MessageChannel::SendAndWait] Error: Channel error: cannot send/recv

1526887107292	geckodriver	INFO	geckodriver 0.20.1
1526887107312	geckodriver	INFO	Listening on 127.0.0.1:56811
1526887110231	mozrunner::runner	INFO	Running command: "C:\\Program Files\\Mozilla Firefox\\firefox.exe" "-marionette" "-profile" "C:\\Users\\JYP\\AppData\\Local\\Temp\\rust_mozprofile.Fv9c6IYvg3xx"
Unable to read VR Path Registry from C:\Users\JYP\AppData\Local\openvr\openvrpaths.vrpath
Unable to read VR Path Registry from C:\Users\JYP\AppData\Local\openvr\openvrpaths.vrpath
Unable to read VR Path Registry from C:\Users\JYP\AppData\Local\openvr\openvrpaths.vrpath
Unable to read VR Path Registry from C:\Users\JYP\AppData\Local\openvr\openvrpaths.vrpath
1526887113741	Marionette	INFO	Listening on port 56823
Unable to read VR Path Registry from C:\Users\JYP\AppData\Local\openvr\openvrpaths.vrpath
1526887113997	Marionette	WARN	TLS certificate errors will be ignored for this session
JavaScript error: https://login.taobao.com/jump?target=https://www.tmall.com, line 26: SyntaxError: expected expression, got '<'
[Parent 28492, Gecko_IOThread] WARNING: pipe error: 109: file z:/build/build/src/ipc/chromium/src/chrome/common/ipc_channel_win.cc, line 346
[Child 15648, Chrome_ChildThread] WARNING: pipe error: 109: file z:/build/build/src/ipc/chromium/src/chrome/common/ipc_channel_win.cc, line 346
[Child 15648, Chrome_Ch[Child 29132, Chrome_ChildThread] WARNING: pipe error: 109: file z:/build/build/src/ipc/chromium/src/chrome/common/ipc_channel_win.cc, line 346
[Child 29132, Chr*** UTM:SVC TimerManager:registerTimer called after profile-before-change notification. Ignoring timer registration for id: telemetry_modules_ping
[GPU 20072, Chrome_ChildThread] WARNING: pipe er
###!!! [Child][MessageChannel::SendAndWait] Error: Channel error: cannot send/recv

1526887139865	geckodriver	INFO	geckodriver 0.20.1
1526887139883	geckodriver	INFO	Listening on 127.0.0.1:56998
1526887142787	mozrunner::runner	INFO	Running command: "C:\\Program Files\\Mozilla Firefox\\firefox.exe" "-marionette" "-profile" "C:\\Users\\JYP\\AppData\\Local\\Temp\\rust_mozprofile.msuoJP1CV6OU"
Unable to read VR Path Registry from C:\Users\JYP\AppData\Local\openvr\openvrpaths.vrpath
Unable to read VR Path Registry from C:\Users\JYP\AppData\Local\openvr\openvrpaths.vrpath
Unable to read VR Path Registry from C:\Users\JYP\AppData\Local\openvr\openvrpaths.vrpath
Unable to read VR Path Registry from C:\Users\JYP\AppData\Local\openvr\openvrpaths.vrpath
1526887146324	Marionette	INFO	Listening on port 57010
1526887146521	Marionette	WARN	TLS certificate errors will be ignored for this session
Unable to read VR Path Registry from C:\Users\JYP\AppData\Local\openvr\openvrpaths.vrpath
JavaScript error: https://login.taobao.com/jump?target=https://www.tmall.com, line 26: SyntaxError: expected expression, got '<'
[Child 28224, Chrome_ChildThread] WARNING: pipe error: 109: file z:/build/build/src/ipc/chromium/src/chrome/common/ipc_channel_win.cc, line 346
[Child 28224, Chrome_Chi[Parent 2864, Gecko_IOThread] WARNING: pipe error: 109: file z:/build/build/src/ipc/chromium/src/chrome/common/ipc_channel_win.cc, line 346
*** UTM:SVC TimerManager:registerTimer called after profile-before-change notification. Ignoring timer registration for id: telemetry_modules_ping
[GPU 11496, Chrome_Ch
###!!! [Child][MessageChannel::SendAndWait] Error: Channel error: cannot send/recv

1526887174599	geckodriver	INFO	geckodriver 0.20.1
1526887174618	geckodriver	INFO	Listening on 127.0.0.1:57187
1526887177505	mozrunner::runner	INFO	Running command: "C:\\Program Files\\Mozilla Firefox\\firefox.exe" "-marionette" "-profile" "C:\\Users\\JYP\\AppData\\Local\\Temp\\rust_mozprofile.5KFEYYDP8p4L"
Unable to read VR Path Registry from C:\Users\JYP\AppData\Local\openvr\openvrpaths.vrpath
Unable to read VR Path Registry from C:\Users\JYP\AppData\Local\openvr\openvrpaths.vrpath
Unable to read VR Path Registry from C:\Users\JYP\AppData\Local\openvr\openvrpaths.vrpath
Unable to read VR Path Registry from C:\Users\JYP\AppData\Local\openvr\openvrpaths.vrpath
1526887181069	Marionette	INFO	Listening on port 57199
1526887181246	Marionette	WARN	TLS certificate errors will be ignored for this session
Unable to read VR Path Registry from C:\Users\JYP\AppData\Local\openvr\openvrpaths.vrpath
JavaScript error: https://login.taobao.com/jump?target=https://www.tmall.com, line 26: SyntaxError: expected expression, got '<'
[Parent 23312, Gecko_IOThread] WARNING: pipe error: 109: file z:/build/build/src/ipc/chromium/src/chrome/common/ipc_channel_win.cc, line 346
[Child 30408, Chrome_ChildThread] WARNING: pipe error: 109: file z:/build/build/src/ipc/chromium/src/chrome/common/ipc_channel_win.cc, line 346
[Child 30408, Chrome_[Parent 23312, Gecko_IOThread] WARNING: pipe error: 109: file z:/build/build/src/ipc/chromium/src/chrome/common/ipc_channel_win.cc, line 346
[Child 19636, Chrome_ChildThread] WARNING: pipe error: 109: file z:/build/build/src/ipc/chromium/src/chrome/common/ipc_channel_win.cc, line 346
[Child 19636, Ch*** UTM:SVC TimerManager:registerTimer called after profile-before-change notification. Ignoring timer registration for id: telemetry_modules_ping
[GPU 21904, Chrome_ChildThread]
###!!! [Child][MessageChannel::SendAndWait] Error: Channel error: cannot send/recv

1526887236592	geckodriver	INFO	geckodriver 0.20.1
1526887236611	geckodriver	INFO	Listening on 127.0.0.1:57416
1526887239461	mozrunner::runner	INFO	Running command: "C:\\Program Files\\Mozilla Firefox\\firefox.exe" "-marionette" "-profile" "C:\\Users\\JYP\\AppData\\Local\\Temp\\rust_mozprofile.GmsEPLBvrp0W"
Unable to read VR Path Registry from C:\Users\JYP\AppData\Local\openvr\openvrpaths.vrpath
Unable to read VR Path Registry from C:\Users\JYP\AppData\Local\openvr\openvrpaths.vrpath
Unable to read VR Path Registry from C:\Users\JYP\AppData\Local\openvr\openvrpaths.vrpath
Unable to read VR Path Registry from C:\Users\JYP\AppData\Local\openvr\openvrpaths.vrpath
1526887243007	Marionette	INFO	Listening on port 57432
1526887243167	Marionette	WARN	TLS certificate errors will be ignored for this session
Unable to read VR Path Registry from C:\Users\JYP\AppData\Local\openvr\openvrpaths.vrpath
JavaScript error: https://login.taobao.com/jump?target=https://www.tmall.com, line 26: SyntaxError: expected expression, got '<'
[Child 19468, Chrome_ChildThread] WARNING: pipe error: 109: file z:/build/build/src/ipc/chromium/src/chrome/common/ipc_channel_win.cc, line 346[Parent 15052, Gecko_IOThread] WARNING: pipe error: 109: file z:/build/bu
ild/src/ipc/chromium/src/chrome/common/ipc_channel_win.cc, line 346
[Child 29664, Chrome_ChildThread] WARNING: pipe error: 109: file z:/build/build/src/ipc/chromium/src/chrome/common/ipc_channel_win.cc, line 346
[Child 29664, Chrome_C[Child 5836, Chrome_ChildThread] WARNING: pipe error: 109: file z:/build/build/src/ipc/chromium/src/chrome/common/ipc_channel_win.cc, line 346
[Child 5836, Chro*** UTM:SVC TimerManager:registerTimer called after profile-before-change notification. Ignoring timer registration for id: telemetry_modules_ping
[GPU 24320, Chrome_Chil
###!!! [Child][MessageChannel::SendAndWait] Error: Channel error: cannot send/recv

1526887272079	geckodriver	INFO	geckodriver 0.20.1
1526887272098	geckodriver	INFO	Listening on 127.0.0.1:57598
1526887274989	mozrunner::runner	INFO	Running command: "C:\\Program Files\\Mozilla Firefox\\firefox.exe" "-marionette" "-profile" "C:\\Users\\JYP\\AppData\\Local\\Temp\\rust_mozprofile.U7mjvZAg4zNV"
Unable to read VR Path Registry from C:\Users\JYP\AppData\Local\openvr\openvrpaths.vrpath
Unable to read VR Path Registry from C:\Users\JYP\AppData\Local\openvr\openvrpaths.vrpath
Unable to read VR Path Registry from C:\Users\JYP\AppData\Local\openvr\openvrpaths.vrpath
Unable to read VR Path Registry from C:\Users\JYP\AppData\Local\openvr\openvrpaths.vrpath
1526887278551	Marionette	INFO	Listening on port 57611
1526887278708	Marionette	WARN	TLS certificate errors will be ignored for this session
Unable to read VR Path Registry from C:\Users\JYP\AppData\Local\openvr\openvrpaths.vrpath
[Parent 26832, Gecko_IOThread] WARNING: pipe error: 109: file z:/build/build/src/ipc/chromium/src/chrome/common/ipc_channel_win.cc, line 346
[Parent 26832, Gecko_IOThread] WARNING: pipe error: 109: file z:/build/build/src/ipc/chromium/src/chrome/common/ipc_channel_win.cc, line 346
[Child 4368, Chrome_ChildThread] WARNING: pipe error: 109: file z:/build/build/src/ipc/chrom[Child 14412, Chrome_ChildThread] WARNING: pipe error: 109: file z:/build/build/src/ipc/chromium/src/chrome/common/ipc_channel_win.cc, line 346
ium/src/chrome/common/ipc_channel_win.cc, line 346
[Child 4368, Chr[Parent 26832, Gecko_IOThread] WARNING: pipe error: 109: file z:/build/build/src/ipc/chromium/src/chrome/common/ipc_channel_win.cc, line 346
[Child 26848, Chrome_ChildThread] WARNING: pipe error: 109: file z:/build/build/src/ipc/chromium/src/chrome/common/ipc_channel_win.cc, line 346
[Child 26848, Chrome_C*** UTM:SVC TimerManager:registerTimer called after profile-before-change notification. Ignoring timer registration for id: telemetry_modules_ping
[GPU 8968, Chrome_ChildThrea
###!!! [Child][MessageChannel::SendAndWait] Error: Channel error: cannot send/recv

1526887739129	geckodriver	INFO	geckodriver 0.20.1
1526887739148	geckodriver	INFO	Listening on 127.0.0.1:62304
1526887742064	mozrunner::runner	INFO	Running command: "C:\\Program Files\\Mozilla Firefox\\firefox.exe" "-marionette" "-profile" "C:\\Users\\JYP\\AppData\\Local\\Temp\\rust_mozprofile.WJEYi7shm5Xb"
Unable to read VR Path Registry from C:\Users\JYP\AppData\Local\openvr\openvrpaths.vrpath
Unable to read VR Path Registry from C:\Users\JYP\AppData\Local\openvr\openvrpaths.vrpath
Unable to read VR Path Registry from C:\Users\JYP\AppData\Local\openvr\openvrpaths.vrpath
Unable to read VR Path Registry from C:\Users\JYP\AppData\Local\openvr\openvrpaths.vrpath
1526887745768	Marionette	INFO	Listening on port 62316
Unable to read VR Path Registry from C:\Users\JYP\AppData\Local\openvr\openvrpaths.vrpath
1526887746278	Marionette	WARN	TLS certificate errors will be ignored for this session
[Child 25292, Chrome_ChildThread] WARNING: pipe error: 109: file z:/build/build/src/ipc/chromium/src/chrome/common/ipc_channel_win.cc, line 346
[Child 25292, C[Child 11744, Chrome_ChildThread] WARNING: pipe error: 109: file z:/build/build/src/ipc/chromium/src/chrome/common/ipc_channel_win.cc, line 346
[Child 11744, Chrome_C[Parent 17528, Gecko_IOThread] WARNING: pipe error: 109: file z:/build/build/src/ipc/chromium/src/chrome/common/ipc_channel_win.cc, line 346
[Child 2432, Chrome_ChildThread] WARNING: pipe error: 109: file z:/build/build/src/ipc/chromium/src/chrome/common/ipc_channel_win.cc, line 346
[Child 2432, Chro1526887782467	geckodriver	INFO	geckodriver 0.20.1
1526887782486	geckodriver	INFO	Listening on 127.0.0.1:62487
1526887785345	mozrunner::runner	INFO	Running command: "C:\\Program Files\\Mozilla Firefox\\firefox.exe" "-marionette" "-profile" "C:\\Users\\JYP\\AppData\\Local\\Temp\\rust_mozprofile.MjnEvKW9Ncef"
Unable to read VR Path Registry from C:\Users\JYP\AppData\Local\openvr\openvrpaths.vrpath
Unable to read VR Path Registry from C:\Users\JYP\AppData\Local\openvr\openvrpaths.vrpath
Unable to read VR Path Registry from C:\Users\JYP\AppData\Local\openvr\openvrpaths.vrpath
Unable to read VR Path Registry from C:\Users\JYP\AppData\Local\openvr\openvrpaths.vrpath
1526887788833	Marionette	INFO	Listening on port 62500
1526887789045	Marionette	WARN	TLS certificate errors will be ignored for this session
Unable to read VR Path Registry from C:\Users\JYP\AppData\Local\openvr\openvrpaths.vrpath
[Parent 17568, Gecko_IOThread] WARNING: pipe error: 109: file z:/build/build/src/ipc/chromium/src/chrome/common/ipc_channel_win.cc, line 346
[Parent 17568, Gecko_IOThread] WARNING: pipe error: 109: file z:/build/build/src/ipc/chromium/src/chrome/common/ipc_channel_win.cc, line 346
[Child 28684, Chrome_ChildThread] WARNING: pipe error: 109: file z:/build/build/src/ipc/chromium/src/chrome/common/ipc_channel_win.cc, line 346
[Child 28684, Chrom[Child*** UTM:SVC TimerManager:registerTimer called after profile-before-change notification. Ignoring timer registration for id: telemetry_modules_ping
[GPU 26628, Chrome_ChildThrea
###!!! [Child][MessageChannel::SendAndWait] Error: Channel error: cannot send/recv

1526887847767	geckodriver	INFO	geckodriver 0.20.1
1526887847786	geckodriver	INFO	Listening on 127.0.0.1:59789
1526887850690	mozrunner::runner	INFO	Running command: "C:\\Program Files\\Mozilla Firefox\\firefox.exe" "-marionette" "-profile" "C:\\Users\\JYP\\AppData\\Local\\Temp\\rust_mozprofile.E8Vvf1Wf8wHG"
Unable to read VR Path Registry from C:\Users\JYP\AppData\Local\openvr\openvrpaths.vrpath
Unable to read VR Path Registry from C:\Users\JYP\AppData\Local\openvr\openvrpaths.vrpath
Unable to read VR Path Registry from C:\Users\JYP\AppData\Local\openvr\openvrpaths.vrpath
Unable to read VR Path Registry from C:\Users\JYP\AppData\Local\openvr\openvrpaths.vrpath
1526887854250	Marionette	INFO	Listening on port 59802
1526887854393	Marionette	WARN	TLS certificate errors will be ignored for this session
Unable to read VR Path Registry from C:\Users\JYP\AppData\Local\openvr\openvrpaths.vrpath
[Parent 5872, Gecko_IOThread] WARNING: pipe error: 109: file z:/build/build/src/ipc/chromium/src/chrome/common/ipc_channel_win.cc, line 346
[Parent 5872, Gecko_IOThread] WARNING: pipe error: 109: file z:/build/build/src/ipc/chromium/src/chrome/common/ipc_channel_win.cc, line 346
[Child 20444, Chrome_ChildThread] WARNING: pipe error: 109: file z:/build/build/src/ipc/chromium/src/chrome/common/ipc_channel_win.cc, line 346
[Chi[Child 20444, Chrome_Cld 18840, Chrome_ChildThread] WARNING: pipe error: 109: file z:/build/build/src/ipc/chromium/src/chrome/common/ipc_channel_win.cc, line 346
[Child 18840, Ch[Child 30220, Chrome_ChildThread] WARNING: pipe error: 109: file z:/build/build/src/ipc/chromium/src/chrome/common/ipc_channel_win.cc, line 346
[Child 30220, Chro*** UTM:SVC TimerManager:registerTimer called after profile-before-change notification. Ignoring timer registration for id: telemetry_modules_ping
[GPU 6176, Ch
###!!! [Child][MessageChannel::SendAndWait] Error: Channel error: cannot send/recv

1526887982691	geckodriver	INFO	geckodriver 0.20.1
1526887982711	geckodriver	INFO	Listening on 127.0.0.1:60115
1526887985579	mozrunner::runner	INFO	Running command: "C:\\Program Files\\Mozilla Firefox\\firefox.exe" "-marionette" "-profile" "C:\\Users\\JYP\\AppData\\Local\\Temp\\rust_mozprofile.MSH53iZDm6Z5"
Unable to read VR Path Registry from C:\Users\JYP\AppData\Local\openvr\openvrpaths.vrpath
Unable to read VR Path Registry from C:\Users\JYP\AppData\Local\openvr\openvrpaths.vrpath
Unable to read VR Path Registry from C:\Users\JYP\AppData\Local\openvr\openvrpaths.vrpath
Unable to read VR Path Registry from C:\Users\JYP\AppData\Local\openvr\openvrpaths.vrpath
1526887989016	Marionette	INFO	Listening on port 60129
Unable to read VR Path Registry from C:\Users\JYP\AppData\Local\openvr\openvrpaths.vrpath
1526887989339	Marionette	WARN	TLS certificate errors will be ignored for this session
[Child 14808, Chrome_ChildThread] WARNING: pipe error: 109: file z:/build/build/src/ipc/chromium/src/chrome/common/ipc_channel_win.cc, line 346
[Child 10196, Chrome_ChildThread] WARNING: pipe error: 109: file z:/build/build/src/ipc/chromium/src/chrome/common/ipc_channel_win.cc, line 346
[Child 10196, Chrome[Parent 8164, Gecko_IOThread] WARNING: pipe error: 109: file z:/build/build/src/ipc/chromium/src/chrome/common/ipc_channel_win.cc, line 346
[Child 23684, Chrome_ChildThread] WARNING: pipe error: 109: file z:/build/build/src/ipc/chromium/src/chrome/common/ipc_channel_win.cc, line 346
[Child 23684, Chrome_C*** UTM:SVC TimerManager:registerTimer called after profile-before-change notification. Ignoring timer registration for id: telemetry_modules_ping
[GPU 29508, Chrome_ChildThread]
###!!! [Child][MessageChannel::SendAndWait] Error: Channel error: cannot send/recv

1526888015803	geckodriver	INFO	geckodriver 0.20.1
1526888015819	geckodriver	INFO	Listening on 127.0.0.1:60206
1526888018725	mozrunner::runner	INFO	Running command: "C:\\Program Files\\Mozilla Firefox\\firefox.exe" "-marionette" "-profile" "C:\\Users\\JYP\\AppData\\Local\\Temp\\rust_mozprofile.uxNDmdI0EwSo"
Unable to read VR Path Registry from C:\Users\JYP\AppData\Local\openvr\openvrpaths.vrpath
Unable to read VR Path Registry from C:\Users\JYP\AppData\Local\openvr\openvrpaths.vrpath
Unable to read VR Path Registry from C:\Users\JYP\AppData\Local\openvr\openvrpaths.vrpath
Unable to read VR Path Registry from C:\Users\JYP\AppData\Local\openvr\openvrpaths.vrpath
1526888022131	Marionette	INFO	Listening on port 60218
Unable to read VR Path Registry from C:\Users\JYP\AppData\Local\openvr\openvrpaths.vrpath
1526888022452	Marionette	WARN	TLS certificate errors will be ignored for this session
JavaScript error: https://login.taobao.com/jump?target=https://www.tmall.com, line 26: SyntaxError: expected expression, got '<'
JavaScript error: https://cookiemapping.wrating.com/link.html, line 3: NS_ERROR_FAILURE: 
[Parent 4244, Gecko_IOThread] WARNING: pipe error: 109: file z:/build/build/src/ipc/chromium/src/chrome/common/ipc_channel_win.cc, line 346
[Parent 4244, Gecko_IOThread] WARNING: pipe error: 109: file z:/build/build/src/ipc/chromium/src/chrome/common1526888149974	mozrunner::runner	INFO	Running command: "C:\\Program Files\\Mozilla Firefox\\firefox.exe" "-marionette" "-profile" "C:\\Users\\JYP\\AppData\\Local\\Temp\\rust_mozprofile.J2QIYo2ypZTj"
Unable to read VR Path Registry from C:\Users\JYP\AppData\Local\openvr\openvrpaths.vrpath
Unable to read VR Path Registry from C:\Users\JYP\AppData\Local\openvr\openvrpaths.vrpath
Unable to read VR Path Registry from C:\Users\JYP\AppData\Local\openvr\openvrpaths.vrpath
Unable to read VR Path Registry from C:\Users\JYP\AppData\Local\openvr\openvrpaths.vrpath
1526888153484	Marionette	INFO	Listening on port 60652
1526888153708	Marionette	WARN	TLS certificate errors will be ignored for this session
Unable to read VR Path Registry from C:\Users\JYP\AppData\Local\openvr\openvrpaths.vrpath
JavaScript error: https://login.taobao.com/jump?target=https://www.tmall.com, line 26: SyntaxError: expected expression, got '<'
[Child 15116, Chrome_ChildThread] WARNING: pipe error: 109: file z:/build/build/src/ipc/chromium/src/chrome/common/ipc_channel_win.cc, line 346
[Child 15116, C[Child 14584, Chrome_ChildThread] WARNING: pipe error: 109: file z:/build/build/src/ipc/chromium/src/chrome/common/ipc_channel_win.cc, line 346
[Child 14584, Chrome_ChildTh[Parent 30188, Gecko_IOThread] WARNING: pipe error: 109: file z:/build/build/src/ipc/chromium/src/chrome/common/ipc_channel_win.cc, line 346
[Child 18832, Chrome_ChildThread] WARNING: pipe error: 109: file z:/build/build/src/ipc/chromium/src/chrome/common/ipc_channel_win.cc, line 346
[Child 18832, C*** UTM:SVC TimerManager:registerTimer called after profile-before-change notification. Ignoring timer registration for id: telemetry_modules_ping
[GPU 26656, Chrome_ChildT
###!!! [Child][MessageChannel::SendAndWait] Error: Channel error: cannot send/recv

1526888256511	geckodriver	INFO	geckodriver 0.20.1
1526888256529	geckodriver	INFO	Listening on 127.0.0.1:61030
1526888259429	mozrunner::runner	INFO	Running command: "C:\\Program Files\\Mozilla Firefox\\firefox.exe" "-marionette" "-profile" "C:\\Users\\JYP\\AppData\\Local\\Temp\\rust_mozprofile.fAGoAO6cTE0M"
Unable to read VR Path Registry from C:\Users\JYP\AppData\Local\openvr\openvrpaths.vrpath
Unable to read VR Path Registry from C:\Users\JYP\AppData\Local\openvr\openvrpaths.vrpath
Unable to read VR Path Registry from C:\Users\JYP\AppData\Local\openvr\openvrpaths.vrpath
Unable to read VR Path Registry from C:\Users\JYP\AppData\Local\openvr\openvrpaths.vrpath
1526888262892	Marionette	INFO	Listening on port 61042
Unable to read VR Path Registry from C:\Users\JYP\AppData\Local\openvr\openvrpaths.vrpath
1526888263160	Marionette	WARN	TLS certificate errors will be ignored for this session
[Parent 21856, Gecko_IOThread] WARNING: pipe error: 109: file z:/build/build/src/ipc/chromium/src/chrome/common/ipc_channel_win.cc, line 346
JavaScript error: https://login.taobao.com/jump?target=https://www.tmall.com, line 26: SyntaxError: expected expression, got '<'
JavaScript error: https://cookiemapping.wrating.com/link.html, line 3: NS_ERROR_FAILURE: 
[Child 10084, Chrome_ChildThread] WARNING: pipe error: 109: file z:/build/build/src/ipc/chromium/src/chrome/common/ipc_channel_win.cc, line 346
[Child 10084, Chro[Chi[Parent 21856, Gecko_IOThread] WARNING: pipe error: 109: file z:/build/build/src/ipc/chromium/src/chrome/common/ipc_channel_win.cc, line 346
[Child 24108, Chrome_ChildThread] WARNING: pipe error: 109: file z:/build/build/src/ipc/chromium/src/chrome/common/ipc_channel_win.cc, line 346
[Child 24108, Chrome_Ch*** UTM:SVC TimerManager:registerTimer called after profile-before-change notification. Ignoring timer registration for id: telemetry_modules_ping
[GPU 12124, Chrome_ChildThread] WARN
###!!! [Child][MessageChannel::SendAndWait] Error: Channel error: cannot send/recv

